0 silly argv {
0 silly argv   _: [ 'create' ],
0 silly argv   lernaVersion: '5.5.1',
0 silly argv   '$0': 'lerna',
0 silly argv   name: 'migrations'
0 silly argv }
1 notice cli v5.5.1
2 verbose rootPath /home/sandeep/workspace/we-space
3 info versioning independent
4 warn EWORKSPACES Workspaces exist in the root package.json, but Lerna is not configured to use them.
4 warn EWORKSPACES To fix this and have Lerna use workspaces to resolve packages, set `useWorkspaces: true` in lerna.json.
5 warn EWORKSPACES Workspaces exist in the root package.json, but Lerna is not configured to use them.
5 warn EWORKSPACES To fix this and have Lerna use workspaces to resolve packages, set `useWorkspaces: true` in lerna.json.
6 warn EWORKSPACES Workspaces exist in the root package.json, but Lerna is not configured to use them.
6 warn EWORKSPACES To fix this and have Lerna use workspaces to resolve packages, set `useWorkspaces: true` in lerna.json.
7 error Error: canceled
7 error     at Interface.<anonymous> (/home/sandeep/workspace/we-space/node_modules/read/lib/read.js:66:13)
7 error     at Interface.emit (events.js:400:28)
7 error     at Interface._ttyWrite (readline.js:1001:16)
7 error     at ReadStream.onkeypress (readline.js:265:10)
7 error     at ReadStream.emit (events.js:400:28)
7 error     at emitKeys (internal/readline/utils.js:358:14)
7 error     at emitKeys.next (<anonymous>)
7 error     at ReadStream.onData (readline.js:1270:36)
7 error     at ReadStream.emit (events.js:400:28)
